<?xml version="1.0" encoding="UTF-8"?>
<testng-results skipped="0" failed="1" total="2" passed="1">
  <reporter-output>
  </reporter-output>
  <suite name="Suite" duration-ms="110189" started-at="2020-09-07T10:31:21Z" finished-at="2020-09-07T10:33:11Z">
    <groups>
      <group name="cucumber">
        <method signature="WeatherAuthenticationRunnerFile.feature(cucumber.api.testng.CucumberFeatureWrapper)[pri:0, instance:com.ModuleRunnerFile.WeatherAuthenticationRunnerFile@475530b9]" name="feature" class="com.ModuleRunnerFile.WeatherAuthenticationRunnerFile"/>
      </group> <!-- cucumber -->
    </groups>
    <test name="Test" duration-ms="110189" started-at="2020-09-07T10:31:21Z" finished-at="2020-09-07T10:33:11Z">
      <class name="com.ParseDataFromExcel.InputDataProvider">
        <test-method status="PASS" signature="get_Data_For_Functionality_execution()[pri:0, instance:com.ParseDataFromExcel.InputDataProvider@1b604f19]" name="get_Data_For_Functionality_execution" duration-ms="545" started-at="2020-09-07T16:01:21Z" finished-at="2020-09-07T16:01:22Z">
          <reporter-output>
          </reporter-output>
        </test-method> <!-- get_Data_For_Functionality_execution -->
      </class> <!-- com.ParseDataFromExcel.InputDataProvider -->
      <class name="com.ModuleRunnerFile.WeatherAuthenticationRunnerFile">
        <test-method status="PASS" signature="base_test_initiator()[pri:0, instance:com.ModuleRunnerFile.WeatherAuthenticationRunnerFile@475530b9]" name="base_test_initiator" is-config="true" duration-ms="11125" started-at="2020-09-07T16:01:10Z" finished-at="2020-09-07T16:01:21Z">
          <reporter-output>
          </reporter-output>
        </test-method> <!-- base_test_initiator -->
        <test-method status="PASS" signature="setUpClass()[pri:0, instance:com.ModuleRunnerFile.WeatherAuthenticationRunnerFile@475530b9]" name="setUpClass" is-config="true" duration-ms="126" started-at="2020-09-07T16:01:22Z" finished-at="2020-09-07T16:01:22Z">
          <reporter-output>
          </reporter-output>
        </test-method> <!-- setUpClass -->
        <test-method status="FAIL" signature="feature(cucumber.api.testng.CucumberFeatureWrapper)[pri:0, instance:com.ModuleRunnerFile.WeatherAuthenticationRunnerFile@475530b9]" name="feature" duration-ms="109434" started-at="2020-09-07T16:01:22Z" description="Maps Feature File" data-provider="features" finished-at="2020-09-07T16:03:11Z">
          <params>
            <param index="0">
              <value>
                <![CDATA[Validation of Weather Reporter]]>
              </value>
            </param>
          </params>
          <exception class="cucumber.runtime.CucumberException">
            <message>
              <![CDATA[java.lang.AssertionError: Variance Calculated Should be Less the Variance Assigned. expected [true] but found [false]]]>
            </message>
            <full-stacktrace>
              <![CDATA[cucumber.runtime.CucumberException: java.lang.AssertionError: Variance Calculated Should be Less the Variance Assigned. expected [true] but found [false]
	at cucumber.api.testng.TestNGCucumberRunner.runCucumber(TestNGCucumberRunner.java:69)
	at com.ModuleRunnerFile.WeatherAuthenticationRunnerFile.feature(WeatherAuthenticationRunnerFile.java:32)
	at sun.reflect.NativeMethodAccessorImpl.invoke0(Native Method)
	at sun.reflect.NativeMethodAccessorImpl.invoke(NativeMethodAccessorImpl.java:62)
	at sun.reflect.DelegatingMethodAccessorImpl.invoke(DelegatingMethodAccessorImpl.java:43)
	at java.lang.reflect.Method.invoke(Method.java:498)
	at org.testng.internal.MethodInvocationHelper.invokeMethod(MethodInvocationHelper.java:80)
	at org.testng.internal.Invoker.invokeMethod(Invoker.java:714)
	at org.testng.internal.Invoker.invokeTestMethod(Invoker.java:901)
	at org.testng.internal.Invoker.invokeTestMethods(Invoker.java:1231)
	at org.testng.internal.TestMethodWorker.invokeTestMethods(TestMethodWorker.java:127)
	at org.testng.internal.TestMethodWorker.run(TestMethodWorker.java:111)
	at org.testng.TestRunner.privateRun(TestRunner.java:767)
	at org.testng.TestRunner.run(TestRunner.java:617)
	at org.testng.SuiteRunner.runTest(SuiteRunner.java:334)
	at org.testng.SuiteRunner.runSequentially(SuiteRunner.java:329)
	at org.testng.SuiteRunner.privateRun(SuiteRunner.java:291)
	at org.testng.SuiteRunner.run(SuiteRunner.java:240)
	at org.testng.SuiteRunnerWorker.runSuite(SuiteRunnerWorker.java:52)
	at org.testng.SuiteRunnerWorker.run(SuiteRunnerWorker.java:86)
	at org.testng.TestNG.runSuitesSequentially(TestNG.java:1198)
	at org.testng.TestNG.runSuitesLocally(TestNG.java:1123)
	at org.testng.TestNG.run(TestNG.java:1031)
	at org.apache.maven.surefire.testng.TestNGExecutor.run(TestNGExecutor.java:283)
	at org.apache.maven.surefire.testng.TestNGXmlTestSuite.execute(TestNGXmlTestSuite.java:75)
	at org.apache.maven.surefire.testng.TestNGProvider.invoke(TestNGProvider.java:120)
	at org.apache.maven.surefire.booter.ForkedBooter.invokeProviderInSameClassLoader(ForkedBooter.java:384)
	at org.apache.maven.surefire.booter.ForkedBooter.runSuitesInProcess(ForkedBooter.java:345)
	at org.apache.maven.surefire.booter.ForkedBooter.execute(ForkedBooter.java:126)
	at org.apache.maven.surefire.booter.ForkedBooter.main(ForkedBooter.java:418)
Caused by: java.lang.AssertionError: Variance Calculated Should be Less the Variance Assigned. expected [true] but found [false]
	at org.testng.Assert.fail(Assert.java:94)
	at org.testng.Assert.failNotEquals(Assert.java:494)
	at org.testng.Assert.assertTrue(Assert.java:42)
	at com.FucntionalityModules.VarianceFunctionalityModule.find_variance_and_authenticate_weather(VarianceFunctionalityModule.java:12)
	at com.ModuleStepDefinitions.FunctionalStepDefinition.the_temperature_of_should_match_with_Api_results(FunctionalStepDefinition.java:57)
	at âœ½.And the temperature should match with Api results(src/main/resources/FeatureFile/WeatherAuthetication.feature:31)
]]>
            </full-stacktrace>
          </exception> <!-- cucumber.runtime.CucumberException -->
          <reporter-output>
          </reporter-output>
        </test-method> <!-- feature -->
        <test-method status="PASS" signature="tearDownClass()[pri:0, instance:com.ModuleRunnerFile.WeatherAuthenticationRunnerFile@475530b9]" name="tearDownClass" is-config="true" duration-ms="22" started-at="2020-09-07T16:03:11Z" finished-at="2020-09-07T16:03:11Z">
          <reporter-output>
          </reporter-output>
        </test-method> <!-- tearDownClass -->
      </class> <!-- com.ModuleRunnerFile.WeatherAuthenticationRunnerFile -->
    </test> <!-- Test -->
  </suite> <!-- Suite -->
</testng-results>
